mode: set
github.com/thetruetrade/gotrade/indicators/sma.go:12.61,14.2 1 1
github.com/thetruetrade/gotrade/indicators/sma.go:18.76,22.16 2 1
github.com/thetruetrade/gotrade/indicators/sma.go:26.2,27.16 2 1
github.com/thetruetrade/gotrade/indicators/sma.go:32.2,42.36 6 1
github.com/thetruetrade/gotrade/indicators/sma.go:55.2,55.21 1 1
github.com/thetruetrade/gotrade/indicators/sma.go:22.16,24.3 1 1
github.com/thetruetrade/gotrade/indicators/sma.go:27.16,29.3 1 1
github.com/thetruetrade/gotrade/indicators/sma.go:42.36,45.12 2 1
github.com/thetruetrade/gotrade/indicators/sma.go:48.3,50.13 3 1
github.com/thetruetrade/gotrade/indicators/sma.go:45.12,47.4 1 1
github.com/thetruetrade/gotrade/indicators/sma.go:50.13,52.4 1 1
github.com/thetruetrade/gotrade/indicators/indicators.go:26.60,28.23 1 1
github.com/thetruetrade/gotrade/indicators/indicators.go:32.2,32.12 1 1
github.com/thetruetrade/gotrade/indicators/indicators.go:28.23,30.3 1 1
github.com/thetruetrade/gotrade/indicators/indicators.go:36.88,38.25 1 1
github.com/thetruetrade/gotrade/indicators/indicators.go:43.2,43.44 1 1
github.com/thetruetrade/gotrade/indicators/indicators.go:47.2,47.12 1 1
github.com/thetruetrade/gotrade/indicators/indicators.go:38.25,40.3 1 1
github.com/thetruetrade/gotrade/indicators/indicators.go:43.44,45.3 1 1
github.com/thetruetrade/gotrade/indicators/ema.go:12.61,14.2 1 0
github.com/thetruetrade/gotrade/indicators/ema.go:18.76,22.16 2 0
github.com/thetruetrade/gotrade/indicators/ema.go:26.2,27.16 2 0
github.com/thetruetrade/gotrade/indicators/ema.go:32.2,42.36 6 0
github.com/thetruetrade/gotrade/indicators/ema.go:55.2,55.21 1 0
github.com/thetruetrade/gotrade/indicators/ema.go:22.16,24.3 1 0
github.com/thetruetrade/gotrade/indicators/ema.go:27.16,29.3 1 0
github.com/thetruetrade/gotrade/indicators/ema.go:42.36,45.12 2 0
github.com/thetruetrade/gotrade/indicators/ema.go:48.3,50.13 3 0
github.com/thetruetrade/gotrade/indicators/ema.go:45.12,47.4 1 0
github.com/thetruetrade/gotrade/indicators/ema.go:50.13,52.4 1 0
